Arguments: 
  /usr/local/bin/node /usr/local/bin/yarn

PATH: 
  /usr/local/bin:/usr/bin:/bin:/usr/sbin:/sbin:/usr/local/bin

Yarn version: 
  1.17.3

Node version: 
  12.13.0

Platform: 
  darwin x64

Trace: 
  Error: https://registry.npmjs.org/@sensoro%2fapplicaiton-test: Not found
      at Request.params.callback [as _callback] (/usr/local/lib/node_modules/yarn/lib/cli.js:66830:18)
      at Request.self.callback (/usr/local/lib/node_modules/yarn/lib/cli.js:140464:22)
      at Request.emit (events.js:210:5)
      at Request.<anonymous> (/usr/local/lib/node_modules/yarn/lib/cli.js:141436:10)
      at Request.emit (events.js:210:5)
      at IncomingMessage.<anonymous> (/usr/local/lib/node_modules/yarn/lib/cli.js:141358:12)
      at Object.onceWrapper (events.js:299:28)
      at IncomingMessage.emit (events.js:215:7)
      at endReadableNT (_stream_readable.js:1183:12)
      at processTicksAndRejections (internal/process/task_queues.js:80:21)

npm manifest: 
  {
    "dependencies": {
      "@sensoro/applicaiton-test": "0.1.0",
      "@sensoro/application-test": "^0.1.0"
    },
    "devDependencies": {}
  }

yarn manifest: 
  No manifest

Lockfile: 
  # THIS IS AN AUTOGENERATED FILE. DO NOT EDIT THIS FILE DIRECTLY.
  # yarn lockfile v1
  
  
  umi-plugin-application@^0.0.4:
    version "0.0.4"
    resolved "https://registry.npmjs.org/umi-plugin-application/-/umi-plugin-application-0.0.4.tgz#62a2313cc619b3dfdc4c3f29f3c2323cf69d1ab0"
    integrity sha512-sNVLMoc9ebNbLpWIOY8PlFpTLm7kbP7ZPU8LRJ7rt8syXhvD6ZV4SLq7gE+7LPJJmEgtqSdtWWy0iuNlW2i9/A==
